<?xml version="1.0" encoding="UTF-8"?>
<!-- Generated by org.testng.reporters.JUnitReportReporter -->
<testsuite hostname="WELCOME" name="SeleniumTests.Class2" tests="3" failures="0" timestamp="15 May 2016 22:11:31 GMT" time="0.032" errors="0">
  <testcase name="ReplaceValue" time="0.000" classname="SeleniumTests.Class2"/>
  <testcase name="Search" time="0.016" classname="SeleniumTests.Class2"/>
  <testcase name="AdvancedSearch" time="0.016" classname="SeleniumTests.Class2"/>
</testsuite> <!-- SeleniumTests.Class2 -->
